#
# There is insufficient memory for the Java Runtime Environment to continue.
# Native memory allocation (malloc) failed to allocate 1558256 bytes for Chunk::new
# Possible reasons:
#   The system is out of physical RAM or swap space
#   In 32 bit mode, the process size limit was hit
# Possible solutions:
#   Reduce memory load on the system
#   Increase physical memory or swap space
#   Check if swap backing store is full
#   Use 64 bit Java on a 64 bit OS
#   Decrease Java heap size (-Xmx/-Xms)
#   Decrease number of Java threads
#   Decrease Java thread stack sizes (-Xss)
#   Set larger code cache with -XX:ReservedCodeCacheSize=
# This output file may be truncated or incomplete.
#
#  Out of Memory Error (allocation.cpp:390), pid=6320, tid=4848
#
# JRE version: Java(TM) SE Runtime Environment (8.0_91-b14) (build 1.8.0_91-b14)
# Java VM: Java HotSpot(TM) 64-Bit Server VM (25.91-b14 mixed mode windows-amd64 compressed oops)
# Failed to write core dump. Minidumps are not enabled by default on client versions of Windows
#

---------------  T H R E A D  ---------------

Current thread (0x0000000054fcd800):  JavaThread "C2 CompilerThread1" daemon [_thread_in_native, id=4848, stack(0x00000000566e0000,0x00000000567e0000)]

Stack: [0x00000000566e0000,0x00000000567e0000]
[error occurred during error reporting (printing stack bounds), id 0xc0000005]

Native frames: (J=compiled Java code, j=interpreted, Vv=VM code, C=native code)


Current CompileTask:
C2:  31616 1776   !   4       com.android.dx.cf.code.Ropper::processBlock (1101 bytes)


---------------  P R O C E S S  ---------------

Java Threads: ( => current thread )
  0x0000000056cf1800 JavaThread "pool-1-thread-1" [_thread_in_Java, id=7152, stack(0x0000000057290000,0x0000000057390000)]
  0x0000000056a5f800 JavaThread "Service Thread" daemon [_thread_blocked, id=7004, stack(0x0000000056e00000,0x0000000056f00000)]
  0x0000000054fce800 JavaThread "C1 CompilerThread2" daemon [_thread_in_native, id=7128, stack(0x0000000056900000,0x0000000056a00000)]
=>0x0000000054fcd800 JavaThread "C2 CompilerThread1" daemon [_thread_in_native, id=4848, stack(0x00000000566e0000,0x00000000567e0000)]
  0x0000000054fc6000 JavaThread "C2 CompilerThread0" daemon [_thread_in_native, id=2564, stack(0x00000000567f0000,0x00000000568f0000)]
  0x0000000054fc1800 JavaThread "Attach Listener" daemon [_thread_blocked, id=7700, stack(0x0000000056560000,0x0000000056660000)]
  0x0000000054fc0000 JavaThread "Signal Dispatcher" daemon [_thread_blocked, id=4312, stack(0x00000000563b0000,0x00000000564b0000)]
  0x0000000054fa8800 JavaThread "Finalizer" daemon [_thread_blocked, id=7912, stack(0x0000000056290000,0x0000000056390000)]
  0x0000000054f61000 JavaThread "Reference Handler" daemon [_thread_blocked, id=3728, stack(0x0000000056160000,0x0000000056260000)]
  0x000000000220d800 JavaThread "main" [_thread_blocked, id=7944, stack(0x0000000002230000,0x0000000002330000)]

Other Threads:
  0x0000000054f59800 VMThread [stack: 0x0000000056000000,0x0000000056100000] [id=3104]
  0x0000000056a7a000 WatcherThread [stack: 0x00000000570c0000,0x00000000571c0000] [id=7556]

VM state:not at safepoint (normal execution)

VM Mutex/Monitor currently owned by a thread: None

Heap:
 PSYoungGen      total 66048K, used 42371K [0x00000000eab00000, 0x00000000f4100000, 0x0000000100000000)
  eden space 63488K, 66% used [0x00000000eab00000,0x00000000ed460fb8,0x00000000ee900000)
  from space 2560K, 0% used [0x00000000ee900000,0x00000000ee900000,0x00000000eeb80000)
  to   space 13312K, 0% used [0x00000000f3400000,0x00000000f3400000,0x00000000f4100000)
 ParOldGen       total 42496K, used 40365K [0x00000000c0000000, 0x00000000c2980000, 0x00000000eab00000)
  object space 42496K, 94% used [0x00000000c0000000,0x00000000c276b420,0x00000000c2980000)
 Metaspace       used 6632K, capacity 7352K, committed 7680K, reserved 1056768K
  class space    used 644K, capacity 688K, committed 768K, reserved 1048576K

Card table byte_map: [0x00000000119c0000,0x0000000011bd0000] byte_map_base: 0x00000000113c0000

Marking Bits: (ParMarkBitMap*) 0x0000000068a12f70
 Begin Bits: [0x00000000123d0000, 0x00000000133d0000)
 End Bits:   [0x00000000133d0000, 0x00000000143d0000)

Polling page: 0x0000000000430000

CodeCache: size=245760Kb used=9380Kb max_used=9380Kb free=236379Kb
 bounds [0x0000000002600000, 0x0000000002f40000, 0x0000000011600000]
 total_blobs=2249 nmethods=1980 adapters=182
 compilation: enabled

Compilation events (10 events):
Event: 18.962 Thread 0x0000000054fce800 nmethod 2032 0x000000000273acd0 code [0x000000000273ae20, 0x000000000273af70]
Event: 18.963 Thread 0x0000000054fce800 2033   !   2       java.util.concurrent.ThreadPoolExecutor::getTask (179 bytes)
Event: 18.963 Thread 0x0000000054fce800 nmethod 2033 0x0000000002724790 code [0x0000000002724960, 0x0000000002724f18]
Event: 18.964 Thread 0x0000000054fce800 2030       2       java.util.concurrent.ThreadPoolExecutor::beforeExecute (1 bytes)
Event: 18.964 Thread 0x0000000054fce800 nmethod 2030 0x0000000002709f10 code [0x000000000270a060, 0x000000000270a1b0]
Event: 18.968 Thread 0x0000000054fce800 2034       2       java.util.HashMap::resize (359 bytes)
Event: 18.969 Thread 0x0000000054fce800 nmethod 2034 0x0000000002732150 code [0x0000000002732340, 0x0000000002732b68]
Event: 18.974 Thread 0x0000000054fce800 2035 %     3       java.util.HashMap::resize @ 154 (359 bytes)
Event: 18.975 Thread 0x0000000054fce800 nmethod 2035% 0x00000000027380d0 code [0x0000000002738340, 0x00000000027395e8]
Event: 18.975 Thread 0x0000000054fce800 2036       3       java.util.HashMap::resize (359 bytes)

GC Heap History (10 events):
Event: 1.808 GC heap before
{Heap before GC invocations=2 (full 0):
 PSYoungGen      total 18432K, used 18413K [0x00000000eab00000, 0x00000000ecf00000, 0x0000000100000000)
  eden space 15872K, 100% used [0x00000000eab00000,0x00000000eba80000,0x00000000eba80000)
  from space 2560K, 99% used [0x00000000eba80000,0x00000000ebcfb780,0x00000000ebd00000)
  to   space 2560K, 0% used [0x00000000ecc80000,0x00000000ecc80000,0x00000000ecf00000)
 ParOldGen       total 42496K, used 950K [0x00000000c0000000, 0x00000000c2980000, 0x00000000eab00000)
  object space 42496K, 2% used [0x00000000c0000000,0x00000000c00eda68,0x00000000c2980000)
 Metaspace       used 5993K, capacity 6898K, committed 7040K, reserved 1056768K
  class space    used 603K, capacity 618K, committed 640K, reserved 1048576K
Event: 1.832 GC heap after
Heap after GC invocations=2 (full 0):
 PSYoungGen      total 34304K, used 2556K [0x00000000eab00000, 0x00000000ecf00000, 0x0000000100000000)
  eden space 31744K, 0% used [0x00000000eab00000,0x00000000eab00000,0x00000000eca00000)
  from space 2560K, 99% used [0x00000000ecc80000,0x00000000eceff138,0x00000000ecf00000)
  to   space 2560K, 0% used [0x00000000eca00000,0x00000000eca00000,0x00000000ecc80000)
 ParOldGen       total 42496K, used 2483K [0x00000000c0000000, 0x00000000c2980000, 0x00000000eab00000)
  object space 42496K, 5% used [0x00000000c0000000,0x00000000c026cea8,0x00000000c2980000)
 Metaspace       used 5993K, capacity 6898K, committed 7040K, reserved 1056768K
  class space    used 603K, capacity 618K, committed 640K, reserved 1048576K
}
Event: 2.901 GC heap before
{Heap before GC invocations=3 (full 0):
 PSYoungGen      total 34304K, used 34300K [0x00000000eab00000, 0x00000000ecf00000, 0x0000000100000000)
  eden space 31744K, 100% used [0x00000000eab00000,0x00000000eca00000,0x00000000eca00000)
  from space 2560K, 99% used [0x00000000ecc80000,0x00000000eceff138,0x00000000ecf00000)
  to   space 2560K, 0% used [0x00000000eca00000,0x00000000eca00000,0x00000000ecc80000)
 ParOldGen       total 42496K, used 2483K [0x00000000c0000000, 0x00000000c2980000, 0x00000000eab00000)
  object space 42496K, 5% used [0x00000000c0000000,0x00000000c026cea8,0x00000000c2980000)
 Metaspace       used 6178K, capacity 7090K, committed 7296K, reserved 1056768K
  class space    used 604K, capacity 618K, committed 640K, reserved 1048576K
Event: 3.064 GC heap after
Heap after GC invocations=3 (full 0):
 PSYoungGen      total 34304K, used 2534K [0x00000000eab00000, 0x00000000eee00000, 0x0000000100000000)
  eden space 31744K, 0% used [0x00000000eab00000,0x00000000eab00000,0x00000000eca00000)
  from space 2560K, 99% used [0x00000000eca00000,0x00000000ecc79b08,0x00000000ecc80000)
  to   space 2560K, 0% used [0x00000000eeb80000,0x00000000eeb80000,0x00000000eee00000)
 ParOldGen       total 42496K, used 7254K [0x00000000c0000000, 0x00000000c2980000, 0x00000000eab00000)
  object space 42496K, 17% used [0x00000000c0000000,0x00000000c0715bb8,0x00000000c2980000)
 Metaspace       used 6178K, capacity 7090K, committed 7296K, reserved 1056768K
  class space    used 604K, capacity 618K, committed 640K, reserved 1048576K
}
Event: 3.821 GC heap before
{Heap before GC invocations=4 (full 0):
 PSYoungGen      total 34304K, used 34278K [0x00000000eab00000, 0x00000000eee00000, 0x0000000100000000)
  eden space 31744K, 100% used [0x00000000eab00000,0x00000000eca00000,0x00000000eca00000)
  from space 2560K, 99% used [0x00000000eca00000,0x00000000ecc79b08,0x00000000ecc80000)
  to   space 2560K, 0% used [0x00000000eeb80000,0x00000000eeb80000,0x00000000eee00000)
 ParOldGen       total 42496K, used 7254K [0x00000000c0000000, 0x00000000c2980000, 0x00000000eab00000)
  object space 42496K, 17% used [0x00000000c0000000,0x00000000c0715bb8,0x00000000c2980000)
 Metaspace       used 6261K, capacity 7154K, committed 7296K, reserved 1056768K
  class space    used 604K, capacity 618K, committed 640K, reserved 1048576K
Event: 4.133 GC heap after
Heap after GC invocations=4 (full 0):
 PSYoungGen      total 66048K, used 2550K [0x00000000eab00000, 0x00000000eee00000, 0x0000000100000000)
  eden space 63488K, 0% used [0x00000000eab00000,0x00000000eab00000,0x00000000ee900000)
  from space 2560K, 99% used [0x00000000eeb80000,0x00000000eedfdb18,0x00000000eee00000)
  to   space 2560K, 0% used [0x00000000ee900000,0x00000000ee900000,0x00000000eeb80000)
 ParOldGen       total 42496K, used 12004K [0x00000000c0000000, 0x00000000c2980000, 0x00000000eab00000)
  object space 42496K, 28% used [0x00000000c0000000,0x00000000c0bb9230,0x00000000c2980000)
 Metaspace       used 6261K, capacity 7154K, committed 7296K, reserved 1056768K
  class space    used 604K, capacity 618K, committed 640K, reserved 1048576K
}
Event: 11.773 GC heap before
{Heap before GC invocations=5 (full 0):
 PSYoungGen      total 66048K, used 66038K [0x00000000eab00000, 0x00000000eee00000, 0x0000000100000000)
  eden space 63488K, 100% used [0x00000000eab00000,0x00000000ee900000,0x00000000ee900000)
  from space 2560K, 99% used [0x00000000eeb80000,0x00000000eedfdb18,0x00000000eee00000)
  to   space 2560K, 0% used [0x00000000ee900000,0x00000000ee900000,0x00000000eeb80000)
 ParOldGen       total 42496K, used 12004K [0x00000000c0000000, 0x00000000c2980000, 0x00000000eab00000)
  object space 42496K, 28% used [0x00000000c0000000,0x00000000c0bb9230,0x00000000c2980000)
 Metaspace       used 6307K, capacity 7154K, committed 7296K, reserved 1056768K
  class space    used 605K, capacity 618K, committed 640K, reserved 1048576K
Event: 11.900 GC heap after
Heap after GC invocations=5 (full 0):
 PSYoungGen      total 66048K, used 2552K [0x00000000eab00000, 0x00000000f4100000, 0x0000000100000000)
  eden space 63488K, 0% used [0x00000000eab00000,0x00000000eab00000,0x00000000ee900000)
  from space 2560K, 99% used [0x00000000ee900000,0x00000000eeb7e130,0x00000000eeb80000)
  to   space 13312K, 0% used [0x00000000f3400000,0x00000000f3400000,0x00000000f4100000)
 ParOldGen       total 42496K, used 22031K [0x00000000c0000000, 0x00000000c2980000, 0x00000000eab00000)
  object space 42496K, 51% used [0x00000000c0000000,0x00000000c1583da8,0x00000000c2980000)
 Metaspace       used 6307K, capacity 7154K, committed 7296K, reserved 1056768K
  class space    used 605K, capacity 618K, committed 640K, reserved 1048576K
}
Event: 14.540 GC heap before
{Heap before GC invocations=6 (full 0):
 PSYoungGen      total 66048K, used 66040K [0x00000000eab00000, 0x00000000f4100000, 0x0000000100000000)
  eden space 63488K, 100% used [0x00000000eab00000,0x00000000ee900000,0x00000000ee900000)
  from space 2560K, 99% used [0x00000000ee900000,0x00000000eeb7e130,0x00000000eeb80000)
  to   space 13312K, 0% used [0x00000000f3400000,0x00000000f3400000,0x00000000f4100000)
 ParOldGen       total 42496K, used 22031K [0x00000000c0000000, 0x00000000c2980000, 0x00000000eab00000)
  object space 42496K, 51% used [0x00000000c0000000,0x00000000c1583da8,0x00000000c2980000)
 Metaspace       used 6426K, capacity 7192K, committed 7424K, reserved 1056768K
  class space    used 626K, capacity 656K, committed 768K, reserved 1048576K
Event: 17.953 GC heap after
Heap after GC invocations=6 (full 0):
 PSYoungGen      total 76800K, used 11783K [0x00000000eab00000, 0x00000000f4100000, 0x0000000100000000)
  eden space 63488K, 0% used [0x00000000eab00000,0x00000000eab00000,0x00000000ee900000)
  from space 13312K, 88% used [0x00000000f3400000,0x00000000f3f81c68,0x00000000f4100000)
  to   space 2560K, 0% used [0x00000000ee900000,0x00000000ee900000,0x00000000eeb80000)
 ParOldGen       total 42496K, used 22031K [0x00000000c0000000, 0x00000000c2980000, 0x00000000eab00000)
  object space 42496K, 51% used [0x00000000c0000000,0x00000000c1583da8,0x00000000c2980000)
 Metaspace       used 6426K, capacity 7192K, committed 7424K, reserved 1056768K
  class space    used 626K, capacity 656K, committed 768K, reserved 1048576K
}

Deoptimization events (10 events):
Event: 13.591 Thread 0x0000000056c85800 Uncommon trap: reason=unstable_if action=reinterpret pc=0x0000000002e2f8fc method=com.android.dx.ssa.LiteralOpUpgrader$1.visitNonMoveInsn(Lcom/android/dx/ssa/NormalSsaInsn;)V @ 176
Event: 13.595 Thread 0x0000000056c85800 Uncommon trap: reason=bimorphic action=maybe_recompile pc=0x0000000002eb3474 method=com.android.dx.rop.code.RegisterSpec.withSimpleType()Lcom/android/dx/rop/code/RegisterSpec; @ 21
Event: 13.598 Thread 0x0000000056c85800 Uncommon trap: reason=bimorphic action=maybe_recompile pc=0x0000000002c31c54 method=com.android.dx.ssa.LiteralOpUpgrader.tryReplacingWithConstant(Lcom/android/dx/ssa/NormalSsaInsn;)Z @ 62
Event: 14.295 Thread 0x0000000056c85800 Uncommon trap: reason=unstable_if action=reinterpret pc=0x0000000002a3a8b8 method=java.util.HashMap.putVal(ILjava/lang/Object;Ljava/lang/Object;ZZ)Ljava/lang/Object; @ 162
Event: 14.343 Thread 0x000000000220d800 Uncommon trap: reason=unstable_if action=reinterpret pc=0x0000000002befb30 method=com.android.dx.ssa.MoveParamCombiner$1.visitNonMoveInsn(Lcom/android/dx/ssa/NormalSsaInsn;)V @ 27
Event: 14.365 Thread 0x000000000220d800 Uncommon trap: reason=unstable_if action=reinterpret pc=0x0000000002d42868 method=com.android.dx.rop.code.DexTranslationAdvice.hasConstantOperation(Lcom/android/dx/rop/code/Rop;Lcom/android/dx/rop/code/RegisterSpec;Lcom/android/dx/rop/code/RegisterSpec;)Z PŽå×V-@
Event: 14.507 Thread 0x000000000220d800 Uncommon trap: reason=bimorphic action=maybe_recompile pc=0x0000000002eb3474 method=com.android.dx.rop.code.RegisterSpec.withSimpleType()Lcom/android/dx/rop/code/RegisterSpec; @ 21
Event: 14.521 Thread 0x000000000220d800 Uncommon trap: reason=bimorphic action=maybe_recompile pc=0x0000000002eb3474 method=com.android.dx.rop.code.RegisterSpec.withSimpleType()Lcom/android/dx/rop/code/RegisterSpec; @ 21
Event: 17.956 Thread 0x0000000056cf2800 Uncommon trap: reason=bimorphic action=maybe_recompile pc=0x0000000002c31c54 method=com.android.dx.ssa.LiteralOpUpgrader.tryReplacingWithConstant(Lcom/android/dx/ssa/NormalSsaInsn;)Z @ 62
Event: 18.968 Thread 0x000000000220d800 Uncommon trap: reason=unstable_if action=reinterpret pc=0x0000000002bdd65c method=java.util.HashMap.resize()[Ljava/util/HashMap$Node; @ 206

Internal exceptions (6 events):
Event: 0.101 Thread 0x000000000220d800 Exception <a 'java/lang/NoSuchMethodError': Method sun.misc.Unsafe.defineClass(Ljava/lang/String;[BII)Ljava/lang/Class; name or signature does not match> (0x00000000eab07cc0) thrown at [C:\re\workspace\8-2-build-windows-amd64-cygwin\jdk8u91\6644\hotspot\srˆ}3ðFø¹?
Event: 0.101 Thread 0x000000000220d800 Exception <a 'java/lang/NoSuchMethodError': Method sun.misc.Unsafe.prefetchRead(Ljava/lang/Object;J)V name or signature does not match> (0x00000000eab07fa8) thrown at [C:\re\workspace\8-2-build-windows-amd64-cygwin\jdk8u91\6644\hotspot\src\share\vm\prims\j{Uãï*uú?
Event: 1.654 Thread 0x0000000056cf1800 Implicit null exception at 0x00000000028a1ab3 to 0x00000000028a3ae9
Event: 13.478 Thread 0x0000000056c85800 Exception <a 'java/lang/ArrayIndexOutOfBoundsException': 18> (0x00000000eb173468) thrown at [C:\re\workspace\8-2-build-windows-amd64-cygwin\jdk8u91\6644\hotspot\src\share\vm\interpreter\interpreterRuntime.cpp, line 366]
Event: 13.478 Thread 0x0000000056c85800 Exception <a 'java/lang/ArrayIndexOutOfBoundsException': 145> (0x00000000eb174fe8) thrown at [C:\re\workspace\8-2-build-windows-amd64-cygwin\jdk8u91\6644\hotspot\src\share\vm\interpreter\interpreterRuntime.cpp, line 366]
Event: 13.510 Thread 0x0000000056c85800 Exception <a 'java/lang/ArrayIndexOutOfBoundsException'> (0x00000000eb1762d0) thrown at [C:\re\workspace\8-2-build-windows-amd64-cygwin\jdk8u91\6644\hotspot\src\share\vm\runtime\sharedRuntime.cpp, line 605]

Events (10 events):
Event: 18.960 Thread 0x0000000054fce800 flushing nmethod 0x00000000027353d0
Event: 18.960 Thread 0x0000000054fce800 flushing nmethod 0x0000000002736790
Event: 18.960 Thread 0x0000000054fce800 flushing nmethod 0x0000000002736e90
Event: 18.960 Thread 0x0000000054fce800 flushing nmethod 0x00000000027376d0
Event: 18.960 Thread 0x0000000054fce800 flushing nmethod 0x000000000273acd0
Event: 18.960 Thread 0x0000000054fce800 flushing nmethod 0x000000000273c1d0
Event: 18.961 Thread 0x0000000054fce800 flushing nmethod 0x000000000274f310
Event: 18.968 Thread 0x000000000220d800 Uncommon trap: trap_request=0xffffff65 fr.pc=0x0000000002bdd65c
Event: 18.968 Thread 0x000000000220d800 DEOPT PACKING pc=0x0000000002bdd65c sp=0x000000000232df80
Event: 18.968 Thread 0x000000000220d800 DEOPT UNPACKING pc=0x000000000264582a sp=0x000000000232dee8 mode 2


Dynamic libraries:
0x000000013f430000 - 0x000000013f467000 	C:\Program Files\Java\jdk1.8.0_91\bin\java.exe
0x0000000077ae0000 - 0x0000000077c89000 	C:\Windows\SYSTEM32\ntdll.dll
0x00000000778c0000 - 0x00000000779df000 	C:\Windows\system32\kernel32.dll
0x000007fefdb40000 - 0x000007fefdbab000 	C:\Windows\system32\KERNELBASE.dll
0x000007fefdf60000 - 0x000007fefe03b000 	C:\Windows\system32\ADVAPI32.dll
0x000007fefe040000 - 0x000007fefe0df000 	C:\Windows\system32\msvcrt.dll
0x000007feffc60000 - 0x000007feffc7f000 	C:\Windows\SYSTEM32\sechost.dll
0x000007fefe1b0000 - 0x000007fefe2dd000 	C:\Windows\system32\RPCRT4.dll
0x00000000779e0000 - 0x0000000077ada000 	C:\Windows\system32\USER32.dll
0x000007feff500000 - 0x000007feff567000 	C:\Windows\system32\GDI32.dll
0x000007feff870000 - 0x000007feff87e000 	C:\Windows\system32\LPK.dll
0x000007fefe0e0000 - 0x000007fefe1a9000 	C:\Windows\system32\USP10.dll
0x000007fefc210000 - 0x000007fefc404000 	C:\Windows\WinSxS\amd64_microsoft.windows.common-controls_6595b64144ccf1df_6.0.7601.17514_none_fa396087175ac9ac\COMCTL32.dll
0x000007feffbe0000 - 0x000007feffc51000 	C:\Windows\system32\SHLWAPI.dll
0x000007feff880000 - 0x000007feff8ae000 	C:\Windows\system32\IMM32.DLL
0x000007feffce0000 - 0x000007feffde9000 	C:\Windows\system32\MSCTF.dll
0x000000006b000000 - 0x000000006b0d2000 	C:\Program Files\Java\jdk1.8.0_91\jre\bin\msvcr100.dll
0x0000000068200000 - 0x0000000068a93000 	C:\Program Files\Java\jdk1.8.0_91\jre\bin\server\jvm.dll
0x000007feefdc0000 - 0x000007feefdc9000 	C:\Windows\system32\WSOCK32.dll
0x000007fefe640000 - 0x000007fefe68d000 	C:\Windows\system32\WS2_32.dll
0x000007fefdf50000 - 0x000007fefdf58000 	C:\Windows\system32\NSI.dll
0x000007fefc6d0000 - 0x000007fefc70b000 	C:\Windows\system32\WINMM.dll
0x000007fefcc20000 - 0x000007fefcc2c000 	C:\Windows\system32\VERSION.dll
0x0000000077ca0000 - 0x0000000077ca7000 	C:\Windows\system32\PSAPI.DLL
0x00000000747c0000 - 0x00000000747cf000 	C:\Program Files\Java\jdk1.8.0_91\jre\bin\verify.dll
0x0000000074770000 - 0x0000000074799000 	C:\Program Files\Java\jdk1.8.0_91\jre\bin\java.dll
0x0000000074750000 - 0x0000000074766000 	C:\Program Files\Java\jdk1.8.0_91\jre\bin\zip.dll
0x000007fefe690000 - 0x000007feff418000 	C:\Windows\system32\SHELL32.dll
0x000007feff8b0000 - 0x000007feffab3000 	C:\Windows\system32\ole32.dll
0x000007fefda30000 - 0x000007fefda3f000 	C:\Windows\system32\profapi.dll

VM Arguments:
jvm_args: -Djava.awt.headless=true -Xmx1024M -Dfile.encoding=windows-1252 -Duser.country=US -Duser.language=en -Duser.variant 
java_command: com.android.dx.command.Main --dex --force-jumbo --num-threads=4 --multi-dex --output C:\Users\Admin\AndroidStudioProjects\Palinroam\app\build\intermediates\transforms\dex\debug\folders\1000\10\com.android.support-appcompat-v7-23.4.0_42c29acecece7ab1a62b55ffb86b4a75abe584d3 C:\Users\Admin\AndroidStudioProjects\Palinroam\app\build\intermediates\exploded-aar\com.android.support\appcompat-v7\23.4.0\jars\classes.jar
java_class_path (initial): C:\Users\Admin\AppData\Local\Android\Sdk\build-tools\23.0.3\lib\dx.jar
Launcher Type: SUN_STANDARD

Environment Variables:
PATH=C:\ProgramData\Oracle\Java\javapath;C:\Windows\system32;C:\Windows;C:\Windows\System32\Wbem;C:\Windows\System32\WindowsPowerShell\v1.0\
USERNAME=Admin
OS=Windows_NT
PROCESSOR_IDENTIFIER=Intel64 Family 6 Model 37 Stepping 5, GenuineIntel



---------------  S Y S T E M  ---------------

OS: Windows 7 , 64 bit Build 7601 (6.1.7601.17514)

CPU:total 4 (2 cores per cpu, 2 threads per core) family 6 model 37 stepping 5, cmov, cx8, fxsr, mmx, sse, sse2, sse3, ssse3, sse4.1, sse4.2, popcnt, aes, clmul, ht, tsc, tscinvbit

Memory: 4k page, physical 3980676k(78752k free), swap 9097396k(457300k free)

vm_info: Java HotSpot(TM) 64-Bit Server VM (25.91-b14) for windows-amd64 JRE (1.8.0_91-b14), built on Apr  1 2016 00:58:32 by "java_re" with MS VC++ 10.0 (VS2010)

time: Thu Jun 02 15:54:38 2016
elapsed time: 31 seconds (0d 0h 0m 31s)

