#
# There is insufficient memory for the Java Runtime Environment to continue.
# Native memory allocation (malloc) failed to allocate 261536 bytes for Chunk::new
# Possible reasons:
#   The system is out of physical RAM or swap space
#   In 32 bit mode, the process size limit was hit
# Possible solutions:
#   Reduce memory load on the system
#   Increase physical memory or swap space
#   Check if swap backing store is full
#   Use 64 bit Java on a 64 bit OS
#   Decrease Java heap size (-Xmx/-Xms)
#   Decrease number of Java threads
#   Decrease Java thread stack sizes (-Xss)
#   Set larger code cache with -XX:ReservedCodeCacheSize=
# This output file may be truncated or incomplete.
#
#  Out of Memory Error (allocation.cpp:390), pid=6720, tid=7904
#
# JRE version: Java(TM) SE Runtime Environment (8.0_91-b14) (build 1.8.0_91-b14)
# Java VM: Java HotSpot(TM) 64-Bit Server VM (25.91-b14 mixed mode windows-amd64 compressed oops)
# Failed to write core dump. Minidumps are not enabled by default on client versions of Windows
#

---------------  T H R E A D  ---------------

Current thread (0x00000000551e8000):  JavaThread "C2 CompilerThread0" daemon [_thread_in_native, id=7904, stack(0x0000000056a10000,0x0000000056b10000)]

Stack: [0x0000000056a10000,0x0000000056b10000]
[error occurred during error reporting (printing stack bounds), id 0xc0000005]

Native frames: (J=compiled Java code, j=interpreted, Vv=VM code, C=native code)


Current CompileTask:
C2:  30807 1966       4       com.android.dx.dex.code.RopTranslator::pickOrder (400 bytes)


---------------  P R O C E S S  ---------------

Java Threads: ( => current thread )
  0x0000000056e3a000 JavaThread "pool-2-thread-4" [_thread_blocked, id=6364, stack(0x0000000057970000,0x0000000057a70000)]
  0x0000000056e36800 JavaThread "pool-2-thread-3" [_thread_blocked, id=3788, stack(0x0000000057850000,0x0000000057950000)]
  0x0000000056e33800 JavaThread "pool-2-thread-2" [_thread_blocked, id=4992, stack(0x0000000057710000,0x0000000057810000)]
  0x0000000056de6000 JavaThread "pool-3-thread-1" [_thread_blocked, id=5220, stack(0x0000000057290000,0x0000000057390000)]
  0x0000000056de5000 JavaThread "pool-2-thread-1" [_thread_blocked, id=1480, stack(0x00000000574c0000,0x00000000575c0000)]
  0x0000000056b73800 JavaThread "Service Thread" daemon [_thread_blocked, id=7440, stack(0x0000000057150000,0x0000000057250000)]
  0x0000000056b70000 JavaThread "C1 CompilerThread2" daemon [_thread_in_native, id=2380, stack(0x0000000056f70000,0x0000000057070000)]
  0x0000000056b10800 JavaThread "C2 CompilerThread1" daemon [_thread_in_native, id=7600, stack(0x00000000566f0000,0x00000000567f0000)]
=>0x00000000551e8000 JavaThread "C2 CompilerThread0" daemon [_thread_in_native, id=7904, stack(0x0000000056a10000,0x0000000056b10000)]
  0x00000000551e3800 JavaThread "Attach Listener" daemon [_thread_blocked, id=5176, stack(0x0000000056840000,0x0000000056940000)]
  0x00000000551e2000 JavaThread "Signal Dispatcher" daemon [_thread_blocked, id=6480, stack(0x0000000056340000,0x0000000056440000)]
  0x00000000551c8800 JavaThread "Finalizer" daemon [_thread_blocked, id=6040, stack(0x0000000056580000,0x0000000056680000)]
  0x0000000055181000 JavaThread "Reference Handler" daemon [_thread_blocked, id=4932, stack(0x0000000056480000,0x0000000056580000)]
  0x00000000022fd800 JavaThread "main" [_thread_blocked, id=4008, stack(0x0000000002620000,0x0000000002720000)]

Other Threads:
  0x0000000055179800 VMThread [stack: 0x0000000056200000,0x0000000056300000] [id=7592]
  0x0000000056b79800 WatcherThread [stack: 0x00000000573b0000,0x00000000574b0000] [id=5116]

VM state:at safepoint (normal execution)

VM Mutex/Monitor currently owned by a thread:  ([mutex/lock_event])
[0x00000000022fb9b0] ExpandHeap_lock - owner thread: 0x0000000055179800
[0x00000000022fc030] Threads_lock - owner thread: 0x0000000055179800
[0x00000000022fc530] Heap_lock - owner thread: 0x0000000056e36800

Heap:
 PSYoungGen      total 66048K, used 15607K [0x00000000eab00000, 0x00000000f4300000, 0x0000000100000000)
  eden space 63488K, 24% used [0x00000000eab00000,0x00000000eba3dd20,0x00000000ee900000)
  from space 2560K, 0% used [0x00000000ee900000,0x00000000ee900000,0x00000000eeb80000)
  to   space 14336K, 0% used [0x00000000f3500000,0x00000000f3500000,0x00000000f4300000)
 ParOldGen       total 42496K, used 42343K [0x00000000c0000000, 0x00000000c2980000, 0x00000000eab00000)
  object space 42496K, 99% used [0x00000000c0000000,0x00000000c2959c80,0x00000000c2980000)
 Metaspace       used 6377K, capacity 7128K, committed 7424K, reserved 1056768K
  class space    used 624K, capacity 656K, committed 768K, reserved 1048576K

Card table byte_map: [0x0000000011db0000,0x0000000011fc0000] byte_map_base: 0x00000000117b0000

Marking Bits: (ParMarkBitMap*) 0x0000000068a12f70
 Begin Bits: [0x00000000125f0000, 0x00000000135f0000)
 End Bits:   [0x00000000135f0000, 0x00000000145f0000)

Polling page: 0x0000000000330000

CodeCache: size=245760Kb used=8446Kb max_used=8447Kb free=237313Kb
 bounds [0x00000000029f0000, 0x0000000003240000, 0x00000000119f0000]
 total_blobs=2164 nmethods=1895 adapters=182
 compilation: enabled

Compilation events (10 events):
Event: 14.480 Thread 0x0000000056b70000 nmethod 1971 0x00000000032156d0 code [0x0000000003215840, 0x0000000003215b88]
Event: 14.480 Thread 0x0000000056b70000 1967       3       com.android.dx.dex.code.RopTranslator$LocalVariableAwareTranslationVisitor::visitThrowingInsn (11 bytes)
Event: 14.481 Thread 0x0000000056b70000 nmethod 1967 0x00000000032142d0 code [0x00000000032144e0, 0x0000000003215018]
Event: 16.678 Thread 0x00000000551e8000 nmethod 1962 0x0000000003218e50 code [0x0000000003219000, 0x0000000003219978]
Event: 16.678 Thread 0x00000000551e8000 1969   !   4       com.android.dx.cf.code.Simulator::simulate (74 bytes)
Event: 16.683 Thread 0x00000000551e8000 nmethod 1969 0x0000000003213d10 code [0x0000000003213e80, 0x0000000003214038]
Event: 16.684 Thread 0x00000000551e8000 1966       4       com.android.dx.dex.code.RopTranslator::pickOrder (400 bytes)
Event: 16.689 Thread 0x0000000056b70000 1975       3       com.android.dx.cf.code.Ropper$CatchInfo::getSetup (53 bytes)
Event: 16.690 Thread 0x0000000056b70000 nmethod 1975 0x0000000003218250 code [0x0000000003218420, 0x0000000003218b08]
Event: 16.705 Thread 0x0000000056b70000 1977       1       com.android.dx.cf.attrib.InnerClassList$Item::getInnerName (5 bytes)

GC Heap History (10 events):
Event: 1.423 GC heap before
{Heap before GC invocations=1 (full 0):
 PSYoungGen      total 18432K, used 15872K [0x00000000eab00000, 0x00000000ebf80000, 0x0000000100000000)
  eden space 15872K, 100% used [0x00000000eab00000,0x00000000eba80000,0x00000000eba80000)
  from space 2560K, 0% used [0x00000000ebd00000,0x00000000ebd00000,0x00000000ebf80000)
  to   space 2560K, 0% used [0x00000000eba80000,0x00000000eba80000,0x00000000ebd00000)
 ParOldGen       total 42496K, used 0K [0x00000000c0000000, 0x00000000c2980000, 0x00000000eab00000)
  object space 42496K, 0% used [0x00000000c0000000,0x00000000c0000000,0x00000000c2980000)
 Metaspace       used 3917K, capacity 5040K, committed 5120K, reserved 1056768K
  class space    used 440K, capacity 488K, committed 512K, reserved 1048576K
Event: 1.514 GC heap after
Heap after GC invocations=1 (full 0):
 PSYoungGen      total 18432K, used 1365K [0x00000000eab00000, 0x00000000ecf00000, 0x0000000100000000)
  eden space 15872K, 0% used [0x00000000eab00000,0x00000000eab00000,0x00000000eba80000)
  from space 2560K, 53% used [0x00000000eba80000,0x00000000ebbd55b8,0x00000000ebd00000)
  to   space 2560K, 0% used [0x00000000ecc80000,0x00000000ecc80000,0x00000000ecf00000)
 ParOldGen       total 42496K, used 0K [0x00000000c0000000, 0x00000000c2980000, 0x00000000eab00000)
  object space 42496K, 0% used [0x00000000c0000000,0x00000000c0000000,0x00000000c2980000)
 Metaspace       used 3917K, capacity 5040K, committed 5120K, reserved 1056768K
  class space    used 440K, capacity 488K, committed 512K, reserved 1048576K
}
Event: 2.785 GC heap before
{Heap before GC invocations=2 (full 0):
 PSYoungGen      total 18432K, used 17237K [0x00000000eab00000, 0x00000000ecf00000, 0x0000000100000000)
  eden space 15872K, 100% used [0x00000000eab00000,0x00000000eba80000,0x00000000eba80000)
  from space 2560K, 53% used [0x00000000eba80000,0x00000000ebbd55b8,0x00000000ebd00000)
  to   space 2560K, 0% used [0x00000000ecc80000,0x00000000ecc80000,0x00000000ecf00000)
 ParOldGen       total 42496K, used 0K [0x00000000c0000000, 0x00000000c2980000, 0x00000000eab00000)
  object space 42496K, 0% used [0x00000000c0000000,0x00000000c0000000,0x00000000c2980000)
 Metaspace       used 5928K, capacity 6832K, committed 7040K, reserved 1056768K
  class space    used 600K, capacity 616K, committed 640K, reserved 1048576K
Event: 3.544 GC heap after
Heap after GC invocations=2 (full 0):
 PSYoungGen      total 34304K, used 2537K [0x00000000eab00000, 0x00000000ecf00000, 0x0000000100000000)
  eden space 31744K, 0% used [0x00000000eab00000,0x00000000eab00000,0x00000000eca00000)
  from space 2560K, 99% used [0x00000000ecc80000,0x00000000ecefa7e0,0x00000000ecf00000)
  to   space 2560K, 0% used [0x00000000eca00000,0x00000000eca00000,0x00000000ecc80000)
 ParOldGen       total 42496K, used 2225K [0x00000000c0000000, 0x00000000c2980000, 0x00000000eab00000)
  object space 42496K, 5% used [0x00000000c0000000,0x00000000c022c638,0x00000000c2980000)
 Metaspace       used 5928K, capacity 6832K, committed 7040K, reserved 1056768K
  class space    used 600K, capacity 616K, committed 640K, reserved 1048576K
}
Event: 4.405 GC heap before
{Heap before GC invocations=3 (full 0):
 PSYoungGen      total 34304K, used 34281K [0x00000000eab00000, 0x00000000ecf00000, 0x0000000100000000)
  eden space 31744K, 100% used [0x00000000eab00000,0x00000000eca00000,0x00000000eca00000)
  from space 2560K, 99% used [0x00000000ecc80000,0x00000000ecefa7e0,0x00000000ecf00000)
  to   space 2560K, 0% used [0x00000000eca00000,0x00000000eca00000,0x00000000ecc80000)
 ParOldGen       total 42496K, used 2225K [0x00000000c0000000, 0x00000000c2980000, 0x00000000eab00000)
  object space 42496K, 5% used [0x00000000c0000000,0x00000000c022c638,0x00000000c2980000)
 Metaspace       used 6112K, capacity 7026K, committed 7296K, reserved 1056768K
  class space    used 602K, capacity 618K, committed 640K, reserved 1048576K
Event: 4.473 GC heap after
Heap after GC invocations=3 (full 0):
 PSYoungGen      total 34304K, used 2540K [0x00000000eab00000, 0x00000000eee00000, 0x0000000100000000)
  eden space 31744K, 0% used [0x00000000eab00000,0x00000000eab00000,0x00000000eca00000)
  from space 2560K, 99% used [0x00000000eca00000,0x00000000ecc7b338,0x00000000ecc80000)
  to   space 2560K, 0% used [0x00000000eeb80000,0x00000000eeb80000,0x00000000eee00000)
 ParOldGen       total 42496K, used 6903K [0x00000000c0000000, 0x00000000c2980000, 0x00000000eab00000)
  object space 42496K, 16% used [0x00000000c0000000,0x00000000c06bdda0,0x00000000c2980000)
 Metaspace       used 6112K, capacity 7026K, committed 7296K, reserved 1056768K
  class space    used 602K, capacity 618K, committed 640K, reserved 1048576K
}
Event: 4.955 GC heap before
{Heap before GC invocations=4 (full 0):
 PSYoungGen      total 34304K, used 34284K [0x00000000eab00000, 0x00000000eee00000, 0x0000000100000000)
  eden space 31744K, 100% used [0x00000000eab00000,0x00000000eca00000,0x00000000eca00000)
  from space 2560K, 99% used [0x00000000eca00000,0x00000000ecc7b338,0x00000000ecc80000)
  to   space 2560K, 0% used [0x00000000eeb80000,0x00000000eeb80000,0x00000000eee00000)
 ParOldGen       total 42496K, used 6903K [0x00000000c0000000, 0x00000000c2980000, 0x00000000eab00000)
  object space 42496K, 16% used [0x00000000c0000000,0x00000000c06bdda0,0x00000000c2980000)
 Metaspace       used 6115K, capacity 7026K, committed 7296K, reserved 1056768K
  class space    used 602K, capacity 618K, committed 640K, reserved 1048576K
Event: 5.120 GC heap after
Heap after GC invocations=4 (full 0):
 PSYoungGen      total 66048K, used 2540K [0x00000000eab00000, 0x00000000eee00000, 0x0000000100000000)
  eden space 63488K, 0% used [0x00000000eab00000,0x00000000eab00000,0x00000000ee900000)
  from space 2560K, 99% used [0x00000000eeb80000,0x00000000eedfb328,0x00000000eee00000)
  to   space 2560K, 0% used [0x00000000ee900000,0x00000000ee900000,0x00000000eeb80000)
 ParOldGen       total 42496K, used 11039K [0x00000000c0000000, 0x00000000c2980000, 0x00000000eab00000)
  object space 42496K, 25% used [0x00000000c0000000,0x00000000c0ac7ec0,0x00000000c2980000)
 Metaspace       used 6115K, capacity 7026K, committed 7296K, reserved 1056768K
  class space    used 602K, capacity 618K, committed 640K, reserved 1048576K
}
Event: 14.482 GC heap before
{Heap before GC invocations=5 (full 0):
 PSYoungGen      total 66048K, used 66028K [0x00000000eab00000, 0x00000000eee00000, 0x0000000100000000)
  eden space 63488K, 100% used [0x00000000eab00000,0x00000000ee900000,0x00000000ee900000)
  from space 2560K, 99% used [0x00000000eeb80000,0x00000000eedfb328,0x00000000eee00000)
  to   space 2560K, 0% used [0x00000000ee900000,0x00000000ee900000,0x00000000eeb80000)
 ParOldGen       total 42496K, used 11039K [0x00000000c0000000, 0x00000000c2980000, 0x00000000eab00000)
  object space 42496K, 25% used [0x00000000c0000000,0x00000000c0ac7ec0,0x00000000c2980000)
 Metaspace       used 6280K, capacity 7090K, committed 7296K, reserved 1056768K
  class space    used 604K, capacity 618K, committed 640K, reserved 1048576K
Event: 16.677 GC heap after
Heap after GC invocations=5 (full 0):
 PSYoungGen      total 66048K, used 2529K [0x00000000eab00000, 0x00000000f4300000, 0x0000000100000000)
  eden space 63488K, 0% used [0x00000000eab00000,0x00000000eab00000,0x00000000ee900000)
  from space 2560K, 98% used [0x00000000ee900000,0x00000000eeb785b0,0x00000000eeb80000)
  to   space 14336K, 0% used [0x00000000f3500000,0x00000000f3500000,0x00000000f4300000)
 ParOldGen       total 42496K, used 21566K [0x00000000c0000000, 0x00000000c2980000, 0x00000000eab00000)
  object space 42496K, 50% used [0x00000000c0000000,0x00000000c150fa38,0x00000000c2980000)
 Metaspace       used 6280K, capacity 7090K, committed 7296K, reserved 1056768K
  class space    used 604K, capacity 618K, committed 640K, reserved 1048576K
}

Deoptimization events (10 events):
Event: 6.908 Thread 0x0000000056e36800 Uncommon trap: reason=bimorphic action=maybe_recompile pc=0x0000000002c74a94 method=java.util.HashMap.getNode(ILjava/lang/Object;)Ljava/util/HashMap$Node; @ 126
Event: 7.827 Thread 0x0000000056e36800 Uncommon trap: reason=class_check action=maybe_recompile pc=0x00000000030b1da8 method=com.android.dx.cf.code.RopperMachine.run(Lcom/android/dx/cf/code/Frame;II)V @ 988
Event: 7.828 Thread 0x0000000056e36800 Uncommon trap: reason=unstable_if action=reinterpret pc=0x0000000002f848fc method=com.android.dx.ssa.SCCP.simulateBranch(Lcom/android/dx/ssa/SsaInsn;)V @ 64
Event: 7.828 Thread 0x0000000056e36800 Uncommon trap: reason=unstable_if action=reinterpret pc=0x0000000002fb9c4c method=com.android.dx.ssa.LiteralOpUpgrader$1.visitNonMoveInsn(Lcom/android/dx/ssa/NormalSsaInsn;)V @ 55
Event: 7.829 Thread 0x0000000056e36800 Uncommon trap: reason=unstable_if action=reinterpret pc=0x0000000002e9c10c method=com.android.dx.ssa.SsaMethod.updateOneDefinition(Lcom/android/dx/ssa/SsaInsn;Lcom/android/dx/rop/code/RegisterSpec;)V @ 4
Event: 9.010 Thread 0x0000000056e36800 Uncommon trap: reason=null_check action=make_not_entrant pc=0x000000000311a420 method=com.android.dx.cf.code.Ropper$CatchInfo.getSetup(Lcom/android/dx/rop/type/Type;)Lcom/android/dx/cf/code/Ropper$ExceptionHandlerSetup; @ 10
Event: 9.590 Thread 0x0000000056e36800 Uncommon trap: reason=unstable_if action=reinterpret pc=0x00000000030b1c64 method=com.android.dx.cf.code.RopperMachine.run(Lcom/android/dx/cf/code/Frame;II)V @ 1250
Event: 13.139 Thread 0x0000000056e33800 Uncommon trap: reason=bimorphic action=maybe_recompile pc=0x000000000304f384 method=com.android.dx.cf.code.BytecodeArray.parseInstruction(ILcom/android/dx/cf/code/BytecodeArray$Visitor;)I @ 1130
Event: 13.140 Thread 0x0000000056e33800 Uncommon trap: reason=bimorphic action=maybe_recompile pc=0x000000000304f384 method=com.android.dx.cf.code.BytecodeArray.parseInstruction(ILcom/android/dx/cf/code/BytecodeArray$Visitor;)I @ 1130
Event: 13.241 Thread 0x0000000056e33800 Uncommon trap: reason=unstable_if action=reinterpret pc=0x0000000003182b48 method=com.android.dx.cf.code.Ropper.isSynchronized()Z @ 12

Internal exceptions (4 events):
Event: 0.549 Thread 0x00000000022fd800 Exception <a 'java/lang/NoSuchMethodError': Method sun.misc.Unsafe.defineClass(Ljava/lang/String;[BII)Ljava/lang/Class; name or signature does not match> (0x00000000eab07cc0) thrown at [C:\re\workspace\8-2-build-windows-amd64-cygwin\jdk8u91\6644\hotspot\sr°áz4èé·?
Event: 0.549 Thread 0x00000000022fd800 Exception <a 'java/lang/NoSuchMethodError': Method sun.misc.Unsafe.prefetchRead(Ljava/lang/Object;J)V name or signature does not match> (0x00000000eab07fa8) thrown at [C:\re\workspace\8-2-build-windows-amd64-cygwin\jdk8u91\6644\hotspot\src\share\vm\prims\jÛ∑ó"@
Event: 2.767 Thread 0x0000000056e36800 Implicit null exception at 0x0000000002cf6c52 to 0x0000000002cf6d51
Event: 9.010 Thread 0x0000000056e36800 Implicit null exception at 0x0000000003115c58 to 0x000000000311a3e1

Events (10 events):
Event: 13.140 Thread 0x0000000056e33800 Uncommon trap: trap_request=0xffffffc6 fr.pc=0x000000000304f384
Event: 13.140 Thread 0x0000000056e33800 DEOPT PACKING pc=0x000000000304f384 sp=0x000000005780ed80
Event: 13.140 Thread 0x0000000056e33800 DEOPT UNPACKING pc=0x0000000002a3582a sp=0x000000005780ed08 mode 2
Event: 13.143 Thread 0x0000000056e33800 DEOPT PACKING pc=0x0000000002f261fd sp=0x000000005780eeb0
Event: 13.143 Thread 0x0000000056e33800 DEOPT UNPACKING pc=0x0000000002a3747f sp=0x000000005780ebe8 mode 0
Event: 13.241 Thread 0x0000000056e33800 Uncommon trap: trap_request=0xffffff65 fr.pc=0x0000000003182b48
Event: 13.241 Thread 0x0000000056e33800 DEOPT PACKING pc=0x0000000003182b48 sp=0x000000005780efc0
Event: 13.241 Thread 0x0000000056e33800 DEOPT UNPACKING pc=0x0000000002a3582a sp=0x000000005780ef50 mode 2
Event: 14.482 Executing VM operation: ParallelGCFailedAllocation
Event: 16.677 Executing VM operation: ParallelGCFailedAllocation done


Dynamic libraries:
0x000000013f430000 - 0x000000013f467000 	C:\Program Files\Java\jdk1.8.0_91\bin\java.exe
0x0000000077ae0000 - 0x0000000077c89000 	C:\Windows\SYSTEM32\ntdll.dll
0x00000000778c0000 - 0x00000000779df000 	C:\Windows\system32\kernel32.dll
0x000007fefdb40000 - 0x000007fefdbab000 	C:\Windows\system32\KERNELBASE.dll
0x000007fefdf60000 - 0x000007fefe03b000 	C:\Windows\system32\ADVAPI32.dll
0x000007fefe040000 - 0x000007fefe0df000 	C:\Windows\system32\msvcrt.dll
0x000007feffc60000 - 0x000007feffc7f000 	C:\Windows\SYSTEM32\sechost.dll
0x000007fefe1b0000 - 0x000007fefe2dd000 	C:\Windows\system32\RPCRT4.dll
0x00000000779e0000 - 0x0000000077ada000 	C:\Windows\system32\USER32.dll
0x000007feff500000 - 0x000007feff567000 	C:\Windows\system32\GDI32.dll
0x000007feff870000 - 0x000007feff87e000 	C:\Windows\system32\LPK.dll
0x000007fefe0e0000 - 0x000007fefe1a9000 	C:\Windows\system32\USP10.dll
0x000007fefc210000 - 0x000007fefc404000 	C:\Windows\WinSxS\amd64_microsoft.windows.common-controls_6595b64144ccf1df_6.0.7601.17514_none_fa396087175ac9ac\COMCTL32.dll
0x000007feffbe0000 - 0x000007feffc51000 	C:\Windows\system32\SHLWAPI.dll
0x000007feff880000 - 0x000007feff8ae000 	C:\Windows\system32\IMM32.DLL
0x000007feffce0000 - 0x000007feffde9000 	C:\Windows\system32\MSCTF.dll
0x000000006b000000 - 0x000000006b0d2000 	C:\Program Files\Java\jdk1.8.0_91\jre\bin\msvcr100.dll
0x0000000068200000 - 0x0000000068a93000 	C:\Program Files\Java\jdk1.8.0_91\jre\bin\server\jvm.dll
0x000007feefdc0000 - 0x000007feefdc9000 	C:\Windows\system32\WSOCK32.dll
0x000007fefe640000 - 0x000007fefe68d000 	C:\Windows\system32\WS2_32.dll
0x000007fefdf50000 - 0x000007fefdf58000 	C:\Windows\system32\NSI.dll
0x000007fefc6d0000 - 0x000007fefc70b000 	C:\Windows\system32\WINMM.dll
0x000007fefcc20000 - 0x000007fefcc2c000 	C:\Windows\system32\VERSION.dll
0x0000000077ca0000 - 0x0000000077ca7000 	C:\Windows\system32\PSAPI.DLL
0x00000000747c0000 - 0x00000000747cf000 	C:\Program Files\Java\jdk1.8.0_91\jre\bin\verify.dll
0x0000000074770000 - 0x0000000074799000 	C:\Program Files\Java\jdk1.8.0_91\jre\bin\java.dll
0x0000000074750000 - 0x0000000074766000 	C:\Program Files\Java\jdk1.8.0_91\jre\bin\zip.dll
0x000007fefe690000 - 0x000007feff418000 	C:\Windows\system32\SHELL32.dll
0x000007feff8b0000 - 0x000007feffab3000 	C:\Windows\system32\ole32.dll
0x000007fefda30000 - 0x000007fefda3f000 	C:\Windows\system32\profapi.dll

VM Arguments:
jvm_args: -Djava.awt.headless=true -Xmx1024M -Dfile.encoding=windows-1252 -Duser.country=US -Duser.language=en -Duser.variant 
java_command: com.android.dx.command.Main --dex --force-jumbo --num-threads=4 --multi-dex --output C:\Users\Admin\AndroidStudioProjects\Palinroam\app\build\intermediates\transforms\dex\debug\folders\1000\10\com.android.support-support-v4-23.4.0_f020d78ec67225110c416822e55a0abd7462d1e5 C:\Users\Admin\AndroidStudioProjects\Palinroam\app\build\intermediates\exploded-aar\com.android.support\support-v4\23.4.0\jars\classes.jar
java_class_path (initial): C:\Users\Admin\AppData\Local\Android\Sdk\build-tools\23.0.3\lib\dx.jar
Launcher Type: SUN_STANDARD

Environment Variables:
PATH=C:\ProgramData\Oracle\Java\javapath;C:\Windows\system32;C:\Windows;C:\Windows\System32\Wbem;C:\Windows\System32\WindowsPowerShell\v1.0\
USERNAME=Admin
OS=Windows_NT
PROCESSOR_IDENTIFIER=Intel64 Family 6 Model 37 Stepping 5, GenuineIntel



---------------  S Y S T E M  ---------------

OS: Windows 7 , 64 bit Build 7601 (6.1.7601.17514)

CPU:total 4 (2 cores per cpu, 2 threads per core) family 6 model 37 stepping 5, cmov, cx8, fxsr, mmx, sse, sse2, sse3, ssse3, sse4.1, sse4.2, popcnt, aes, clmul, ht, tsc, tscinvbit

Memory: 4k page, physical 3980676k(78788k free), swap 9097396k(457312k free)

vm_info: Java HotSpot(TM) 64-Bit Server VM (25.91-b14) for windows-amd64 JRE (1.8.0_91-b14), built on Apr  1 2016 00:58:32 by "java_re" with MS VC++ 10.0 (VS2010)

time: Thu Jun 02 15:54:38 2016
elapsed time: 31 seconds (0d 0h 0m 31s)

